[debug] [2021-07-08T15:35:05.309Z] ----------------------------------------------------------------------
[debug] [2021-07-08T15:35:05.315Z] Command:       D:\node.exe C:\Users\punto naranja\AppData\Roaming\npm\node_modules\firebase-tools\lib\bin\firebase.js init
[debug] [2021-07-08T15:35:05.316Z] CLI Version:   9.14.0
[debug] [2021-07-08T15:35:05.316Z] Platform:      win32
[debug] [2021-07-08T15:35:05.316Z] Node Version:  v14.15.4
[debug] [2021-07-08T15:35:05.318Z] Time:          Thu Jul 08 2021 09:35:05 GMT-0600 (hora estándar central)
[debug] [2021-07-08T15:35:05.319Z] ----------------------------------------------------------------------
[debug] 
[debug] [2021-07-08T15:35:05.327Z] > command requires scopes: ["email","openid","https://www.googleapis.com/auth/cloudplatformprojects.readonly","https://www.googleapis.com/auth/firebase","https://www.googleapis.com/auth/cloud-platform"]
[debug] [2021-07-08T15:35:05.327Z] > authorizing via signed-in user (erickra1518@gmail.com)
[info] 
     ######## #### ########  ######## ########     ###     ######  ########
     ##        ##  ##     ## ##       ##     ##  ##   ##  ##       ##
     ######    ##  ########  ######   ########  #########  ######  ######
     ##        ##  ##    ##  ##       ##     ## ##     ##       ## ##
     ##       #### ##     ## ######## ########  ##     ##  ######  ########

You're about to initialize a Firebase project in this directory:

  C:\GestionDeTorneos-FrontEnd-master

Before we get started, keep in mind:

  * You are currently outside your home directory

[info] 
=== Project Setup
[info] 
[info] First, let's associate this project directory with a Firebase project.
[info] You can create multiple project aliases by running firebase use --add, 
[info] but for now we'll just set up a default project.
[info] 
[debug] [2021-07-08T15:36:01.647Z] > refreshing access token with scopes: []
[debug] [2021-07-08T15:36:01.649Z] >>> HTTP REQUEST POST https://www.googleapis.com/oauth2/v3/token  
 <request body omitted>
[debug] [2021-07-08T15:36:03.253Z] <<< HTTP RESPONSE 200 {"date":"Thu, 08 Jul 2021 15:36:02 GMT","cache-control":"no-cache, no-store, max-age=0, must-revalidate","pragma":"no-cache","expires":"Mon, 01 Jan 1990 00:00:00 GMT","content-type":"application/json; charset=utf-8","vary":"X-Origin, Referer, Origin,Accept-Encoding","server":"scaffolding on HTTPServer2","x-xss-protection":"0","x-frame-options":"SAMEORIGIN","x-content-type-options":"nosniff","alt-svc":"h3=\":443\"; ma=2592000,h3-29=\":443\"; ma=2592000,h3-T051=\":443\"; ma=2592000,h3-Q050=\":443\"; ma=2592000,h3-Q046=\":443\"; ma=2592000,h3-Q043=\":443\"; ma=2592000,quic=\":443\"; ma=2592000; v=\"46,43\"","accept-ranges":"none","transfer-encoding":"chunked"}
[debug] [2021-07-08T15:36:03.315Z] >>> [apiv2][query] GET https://firebase.googleapis.com/v1beta1/projects pageSize=100
[debug] [2021-07-08T15:36:05.951Z] <<< [apiv2][status] GET https://firebase.googleapis.com/v1beta1/projects 200
[debug] [2021-07-08T15:36:05.951Z] <<< [apiv2][body] GET https://firebase.googleapis.com/v1beta1/projects [omitted]
[info] i  Using project gestiontorneos-1dedd (GestionTorneos) 
[info] 
=== Hosting:github Setup
[info] 
[info] i  Didn't detect a .git folder. Assuming C:\GestionDeTorneos-FrontEnd-master is the project root. 
[info] i  Authorizing with GitHub to upload your service account to a GitHub repository's secrets store. 
[info] 
[info] Visit this URL on this device to log in:
[info] https://github.com/login/oauth/authorize?client_id=89cf50f02ac6aaed3484&state=161572599&redirect_uri=http%3A%2F%2Flocalhost%3A9005&scope=read%3Auser%20repo%20public_repo
[info] 
[info] Waiting for authentication...
[debug] [2021-07-08T15:36:33.620Z] >>> HTTP REQUEST POST https://github.com/login/oauth/access_token  
 {"client_id":"89cf50f02ac6aaed3484","client_secret":"3330d14abc895d9a74d5f17cd7a00711fa2c5bf0","code":"95e47c1218aeed4cd4de","redirect_uri":"http://localhost:9005","state":"161572599"}
[debug] [2021-07-08T15:36:35.033Z] <<< HTTP RESPONSE 200 {"server":"GitHub.com","date":"Thu, 08 Jul 2021 15:36:34 GMT","content-type":"application/json; charset=utf-8","transfer-encoding":"chunked","vary":"X-PJAX, Accept-Encoding, Accept, X-Requested-With","permissions-policy":"interest-cohort=()","etag":"W/\"e000a74f01627f9afc75177cb6d1eef7\"","cache-control":"max-age=0, private, must-revalidate","strict-transport-security":"max-age=31536000; includeSubdomains; preload","x-frame-options":"deny","x-content-type-options":"nosniff","x-xss-protection":"0","referrer-policy":"origin-when-cross-origin, strict-origin-when-cross-origin","expect-ct":"max-age=2592000, report-uri=\"https://api.github.com/_private/browser/errors\"","content-security-policy":"default-src 'none'; base-uri 'self'; block-all-mixed-content; connect-src 'self' uploads.github.com www.githubstatus.com collector.githubapp.com api.github.com github-cloud.s3.amazonaws.com github-production-repository-file-5c1aeb.s3.amazonaws.com github-production-upload-manifest-file-7fdce7.s3.amazonaws.com github-production-user-asset-6210df.s3.amazonaws.com cdn.optimizely.com logx.optimizely.com/v1/events translator.github.com wss://alive.github.com; font-src github.githubassets.com; form-action 'self' github.com gist.github.com; frame-ancestors 'none'; frame-src render.githubusercontent.com render-temp.githubusercontent.com viewscreen.githubusercontent.com; img-src 'self' data: github.githubassets.com identicons.github.com collector.githubapp.com github-cloud.s3.amazonaws.com secured-user-images.githubusercontent.com/ *.githubusercontent.com; manifest-src 'self'; media-src 'none'; script-src github.githubassets.com; style-src 'unsafe-inline' github.githubassets.com; worker-src github.com/socket-worker-3f088aa2.js gist.github.com/socket-worker-3f088aa2.js","x-github-request-id":"6248:1341:559EF86:776A7BB:60E71B81"}
[debug] [2021-07-08T15:36:35.040Z] >>> [apiv2][query] GET https://api.github.com/user [none]
[debug] [2021-07-08T15:36:36.048Z] <<< [apiv2][status] GET https://api.github.com/user 200
[debug] [2021-07-08T15:36:36.049Z] <<< [apiv2][body] GET https://api.github.com/user {"login":"erick-cruck","id":58374926,"node_id":"MDQ6VXNlcjU4Mzc0OTI2","avatar_url":"https://avatars.githubusercontent.com/u/58374926?v=4","gravatar_id":"","url":"https://api.github.com/users/erick-cruck","html_url":"https://github.com/erick-cruck","followers_url":"https://api.github.com/users/erick-cruck/followers","following_url":"https://api.github.com/users/erick-cruck/following{/other_user}","gists_url":"https://api.github.com/users/erick-cruck/gists{/gist_id}","starred_url":"https://api.github.com/users/erick-cruck/starred{/owner}{/repo}","subscriptions_url":"https://api.github.com/users/erick-cruck/subscriptions","organizations_url":"https://api.github.com/users/erick-cruck/orgs","repos_url":"https://api.github.com/users/erick-cruck/repos","events_url":"https://api.github.com/users/erick-cruck/events{/privacy}","received_events_url":"https://api.github.com/users/erick-cruck/received_events","type":"User","site_admin":false,"name":"Erick De Leon 2019598","company":null,"blog":"","location":null,"email":null,"hireable":null,"bio":null,"twitter_username":null,"public_repos":2,"public_gists":0,"followers":0,"following":0,"created_at":"2019-11-30T21:57:30Z","updated_at":"2021-07-08T14:10:35Z","private_gists":0,"total_private_repos":1,"owned_private_repos":1,"disk_usage":3615,"collaborators":0,"two_factor_authentication":false,"plan":{"name":"free","space":976562499,"collaborators":0,"private_repos":10000}}
[info] 
[info] +  Success! Logged into GitHub as erick-cruck 
[info] 
[debug] [2021-07-08T15:37:36.145Z] >>> [apiv2][query] GET https://api.github.com/repos/https://github.com/JefersonCalderon2019036/GestionDeTorneos-FrontEnd/actions/secrets/public-key type=owner
[debug] [2021-07-08T15:37:37.197Z] <<< [apiv2][status] GET https://api.github.com/repos/https://github.com/JefersonCalderon2019036/GestionDeTorneos-FrontEnd/actions/secrets/public-key 404
[debug] [2021-07-08T15:37:37.197Z] <<< [apiv2][body] GET https://api.github.com/repos/https://github.com/JefersonCalderon2019036/GestionDeTorneos-FrontEnd/actions/secrets/public-key {"message":"Not Found","documentation_url":"https://docs.github.com/rest"}
